\BOOKMARK [0][-]{chapter.1}{\376\377\0001\000\040\000C\000l\000a\000s\000s\000\040\000I\000n\000d\000e\000x}{}% 1
\BOOKMARK [1][-]{section.1.1}{\376\377\0001\000.\0001\000\040\000C\000l\000a\000s\000s\000\040\000L\000i\000s\000t}{chapter.1}% 2
\BOOKMARK [0][-]{chapter.2}{\376\377\0002\000\040\000F\000i\000l\000e\000\040\000I\000n\000d\000e\000x}{}% 3
\BOOKMARK [1][-]{section.2.1}{\376\377\0002\000.\0001\000\040\000F\000i\000l\000e\000\040\000L\000i\000s\000t}{chapter.2}% 4
\BOOKMARK [0][-]{chapter.3}{\376\377\0003\000\040\000C\000l\000a\000s\000s\000\040\000D\000o\000c\000u\000m\000e\000n\000t\000a\000t\000i\000o\000n}{}% 5
\BOOKMARK [1][-]{section.3.1}{\376\377\0003\000.\0001\000\040\000C\000o\000l\000l\000e\000c\000t\000i\000o\000n\000\040\000C\000l\000a\000s\000s\000\040\000R\000e\000f\000e\000r\000e\000n\000c\000e}{chapter.3}% 6
\BOOKMARK [2][-]{subsection.3.1.1}{\376\377\0003\000.\0001\000.\0001\000\040\000C\000o\000n\000s\000t\000r\000u\000c\000t\000o\000r\000\040\000\046\000\040\000D\000e\000s\000t\000r\000u\000c\000t\000o\000r\000\040\000D\000o\000c\000u\000m\000e\000n\000t\000a\000t\000i\000o\000n}{section.3.1}% 7
\BOOKMARK [3][-]{subsubsection.3.1.1.1}{\376\377\0003\000.\0001\000.\0001\000.\0001\000\040\000C\000o\000l\000l\000e\000c\000t\000i\000o\000n\000\050\000\051}{subsection.3.1.1}% 8
\BOOKMARK [2][-]{subsection.3.1.2}{\376\377\0003\000.\0001\000.\0002\000\040\000M\000e\000m\000b\000e\000r\000\040\000F\000u\000n\000c\000t\000i\000o\000n\000\040\000D\000o\000c\000u\000m\000e\000n\000t\000a\000t\000i\000o\000n}{section.3.1}% 9
\BOOKMARK [3][-]{subsubsection.3.1.2.1}{\376\377\0003\000.\0001\000.\0002\000.\0001\000\040\000a\000d\000d\000D\000o\000c\000u\000m\000e\000n\000t\000\050\000\051}{subsection.3.1.2}% 10
\BOOKMARK [3][-]{subsubsection.3.1.2.2}{\376\377\0003\000.\0001\000.\0002\000.\0002\000\040\000a\000d\000d\000T\000o\000I\000D\000F\000\050\000\051}{subsection.3.1.2}% 11
\BOOKMARK [3][-]{subsubsection.3.1.2.3}{\376\377\0003\000.\0001\000.\0002\000.\0003\000\040\000c\000o\000m\000p\000a\000r\000e\000S\000i\000m\000i\000l\000a\000r\000\050\000\051}{subsection.3.1.2}% 12
\BOOKMARK [3][-]{subsubsection.3.1.2.4}{\376\377\0003\000.\0001\000.\0002\000.\0004\000\040\000p\000r\000i\000n\000t\000S\000i\000m\000i\000l\000a\000r\000T\000b\000l\000\050\000\051}{subsection.3.1.2}% 13
\BOOKMARK [3][-]{subsubsection.3.1.2.5}{\376\377\0003\000.\0001\000.\0002\000.\0005\000\040\000s\000i\000m\000\050\000\051}{subsection.3.1.2}% 14
\BOOKMARK [3][-]{subsubsection.3.1.2.6}{\376\377\0003\000.\0001\000.\0002\000.\0006\000\040\000T\000F\000I\000D\000F\000\050\000\051}{subsection.3.1.2}% 15
\BOOKMARK [2][-]{subsection.3.1.3}{\376\377\0003\000.\0001\000.\0003\000\040\000M\000e\000m\000b\000e\000r\000\040\000D\000a\000t\000a\000\040\000D\000o\000c\000u\000m\000e\000n\000t\000a\000t\000i\000o\000n}{section.3.1}% 16
\BOOKMARK [3][-]{subsubsection.3.1.3.1}{\376\377\0003\000.\0001\000.\0003\000.\0001\000\040\000D\000o\000c\000s}{subsection.3.1.3}% 17
\BOOKMARK [3][-]{subsubsection.3.1.3.2}{\376\377\0003\000.\0001\000.\0003\000.\0002\000\040\000I\000D\000F}{subsection.3.1.3}% 18
\BOOKMARK [3][-]{subsubsection.3.1.3.3}{\376\377\0003\000.\0001\000.\0003\000.\0003\000\040\000l\000i\000b\000r\000a\000r\000y}{subsection.3.1.3}% 19
\BOOKMARK [3][-]{subsubsection.3.1.3.4}{\376\377\0003\000.\0001\000.\0003\000.\0004\000\040\000N\000o\000v\000e\000r\000n}{subsection.3.1.3}% 20
\BOOKMARK [3][-]{subsubsection.3.1.3.5}{\376\377\0003\000.\0001\000.\0003\000.\0005\000\040\000N\000u\000m\000D\000o\000c\000s}{subsection.3.1.3}% 21
\BOOKMARK [3][-]{subsubsection.3.1.3.6}{\376\377\0003\000.\0001\000.\0003\000.\0006\000\040\000s\000i\000m\000u\000l\000a\000r\000i\000t\000i\000e\000s}{subsection.3.1.3}% 22
\BOOKMARK [1][-]{section.3.2}{\376\377\0003\000.\0002\000\040\000P\000a\000r\000s\000e\000B\000o\000x\000\040\000C\000l\000a\000s\000s\000\040\000R\000e\000f\000e\000r\000e\000n\000c\000e}{chapter.3}% 23
\BOOKMARK [2][-]{subsection.3.2.1}{\376\377\0003\000.\0002\000.\0001\000\040\000C\000o\000n\000s\000t\000r\000u\000c\000t\000o\000r\000\040\000\046\000\040\000D\000e\000s\000t\000r\000u\000c\000t\000o\000r\000\040\000D\000o\000c\000u\000m\000e\000n\000t\000a\000t\000i\000o\000n}{section.3.2}% 24
\BOOKMARK [3][-]{subsubsection.3.2.1.1}{\376\377\0003\000.\0002\000.\0001\000.\0001\000\040\000P\000a\000r\000s\000e\000B\000o\000x\000\050\000\051}{subsection.3.2.1}% 25
\BOOKMARK [2][-]{subsection.3.2.2}{\376\377\0003\000.\0002\000.\0002\000\040\000M\000e\000m\000b\000e\000r\000\040\000F\000u\000n\000c\000t\000i\000o\000n\000\040\000D\000o\000c\000u\000m\000e\000n\000t\000a\000t\000i\000o\000n}{section.3.2}% 26
\BOOKMARK [3][-]{subsubsection.3.2.2.1}{\376\377\0003\000.\0002\000.\0002\000.\0001\000\040\000i\000s\000A\000l\000p\000h\000a\000N\000u\000m\000\050\000\051}{subsection.3.2.2}% 27
\BOOKMARK [3][-]{subsubsection.3.2.2.2}{\376\377\0003\000.\0002\000.\0002\000.\0002\000\040\000i\000s\000L\000e\000g\000a\000l\000\050\000\051}{subsection.3.2.2}% 28
\BOOKMARK [3][-]{subsubsection.3.2.2.3}{\376\377\0003\000.\0002\000.\0002\000.\0003\000\040\000l\000o\000n\000g\000e\000s\000t\000L\000e\000g\000a\000l\000I\000n\000d\000e\000x\000\050\000\051}{subsection.3.2.2}% 29
\BOOKMARK [3][-]{subsubsection.3.2.2.4}{\376\377\0003\000.\0002\000.\0002\000.\0004\000\040\000p\000r\000o\000p\000C\000a\000p\000\050\000\051}{subsection.3.2.2}% 30
\BOOKMARK [3][-]{subsubsection.3.2.2.5}{\376\377\0003\000.\0002\000.\0002\000.\0005\000\040\000p\000u\000n\000c\000O\000n\000l\000y\000E\000O\000S\000\050\000\051}{subsection.3.2.2}% 31
\BOOKMARK [3][-]{subsubsection.3.2.2.6}{\376\377\0003\000.\0002\000.\0002\000.\0006\000\040\000p\000u\000r\000e\000P\000u\000n\000c\000C\000h\000e\000c\000k\000\050\000\051}{subsection.3.2.2}% 32
\BOOKMARK [1][-]{section.3.3}{\376\377\0003\000.\0003\000\040\000R\000e\000p\000l\000a\000c\000e\000\040\000C\000l\000a\000s\000s\000\040\000R\000e\000f\000e\000r\000e\000n\000c\000e}{chapter.3}% 33
\BOOKMARK [2][-]{subsection.3.3.1}{\376\377\0003\000.\0003\000.\0001\000\040\000M\000e\000m\000b\000e\000r\000\040\000F\000u\000n\000c\000t\000i\000o\000n\000\040\000D\000o\000c\000u\000m\000e\000n\000t\000a\000t\000i\000o\000n}{section.3.3}% 34
\BOOKMARK [3][-]{subsubsection.3.3.1.1}{\376\377\0003\000.\0003\000.\0001\000.\0001\000\040\000a\000d\000d\000C\000a\000p\000i\000t\000a\000l\000\050\000\051}{subsection.3.3.1}% 35
\BOOKMARK [3][-]{subsubsection.3.3.1.2}{\376\377\0003\000.\0003\000.\0001\000.\0002\000\040\000a\000d\000d\000E\000x\000c\000e\000p\000t\000i\000o\000n\000s\000\050\000\051}{subsection.3.3.1}% 36
\BOOKMARK [3][-]{subsubsection.3.3.1.3}{\376\377\0003\000.\0003\000.\0001\000.\0003\000\040\000c\000o\000n\000t\000a\000i\000n\000s\000\050\000\051}{subsection.3.3.1}% 37
\BOOKMARK [3][-]{subsubsection.3.3.1.4}{\376\377\0003\000.\0003\000.\0001\000.\0004\000\040\000s\000w\000a\000p\000S\000t\000r\000i\000n\000g\000\050\000\051}{subsection.3.3.1}% 38
\BOOKMARK [1][-]{section.3.4}{\376\377\0003\000.\0004\000\040\000S\000t\000e\000m\000m\000e\000r\000\040\000C\000l\000a\000s\000s\000\040\000R\000e\000f\000e\000r\000e\000n\000c\000e}{chapter.3}% 39
\BOOKMARK [2][-]{subsection.3.4.1}{\376\377\0003\000.\0004\000.\0001\000\040\000C\000o\000n\000s\000t\000r\000u\000c\000t\000o\000r\000\040\000\046\000\040\000D\000e\000s\000t\000r\000u\000c\000t\000o\000r\000\040\000D\000o\000c\000u\000m\000e\000n\000t\000a\000t\000i\000o\000n}{section.3.4}% 40
\BOOKMARK [3][-]{subsubsection.3.4.1.1}{\376\377\0003\000.\0004\000.\0001\000.\0001\000\040\000S\000t\000e\000m\000m\000e\000r\000\050\000\051}{subsection.3.4.1}% 41
\BOOKMARK [2][-]{subsection.3.4.2}{\376\377\0003\000.\0004\000.\0002\000\040\000M\000e\000m\000b\000e\000r\000\040\000F\000u\000n\000c\000t\000i\000o\000n\000\040\000D\000o\000c\000u\000m\000e\000n\000t\000a\000t\000i\000o\000n}{section.3.4}% 42
\BOOKMARK [3][-]{subsubsection.3.4.2.1}{\376\377\0003\000.\0004\000.\0002\000.\0001\000\040\000g\000e\000t\000S\000t\000e\000m\000\050\000\051}{subsection.3.4.2}% 43
\BOOKMARK [3][-]{subsubsection.3.4.2.2}{\376\377\0003\000.\0004\000.\0002\000.\0002\000\040\000s\000h\000o\000u\000l\000d\000S\000t\000e\000m\000\050\000\051}{subsection.3.4.2}% 44
\BOOKMARK [1][-]{section.3.5}{\376\377\0003\000.\0005\000\040\000W\000o\000r\000d\000\040\000C\000l\000a\000s\000s\000\040\000R\000e\000f\000e\000r\000e\000n\000c\000e}{chapter.3}% 45
\BOOKMARK [2][-]{subsection.3.5.1}{\376\377\0003\000.\0005\000.\0001\000\040\000C\000o\000n\000s\000t\000r\000u\000c\000t\000o\000r\000\040\000\046\000\040\000D\000e\000s\000t\000r\000u\000c\000t\000o\000r\000\040\000D\000o\000c\000u\000m\000e\000n\000t\000a\000t\000i\000o\000n}{section.3.5}% 46
\BOOKMARK [3][-]{subsubsection.3.5.1.1}{\376\377\0003\000.\0005\000.\0001\000.\0001\000\040\000W\000o\000r\000d\000\050\000\051}{subsection.3.5.1}% 47
\BOOKMARK [2][-]{subsection.3.5.2}{\376\377\0003\000.\0005\000.\0002\000\040\000M\000e\000m\000b\000e\000r\000\040\000F\000u\000n\000c\000t\000i\000o\000n\000\040\000D\000o\000c\000u\000m\000e\000n\000t\000a\000t\000i\000o\000n}{section.3.5}% 48
\BOOKMARK [3][-]{subsubsection.3.5.2.1}{\376\377\0003\000.\0005\000.\0002\000.\0001\000\040\000g\000e\000t\000C\000o\000u\000n\000t\000\050\000\051}{subsection.3.5.2}% 49
\BOOKMARK [3][-]{subsubsection.3.5.2.2}{\376\377\0003\000.\0005\000.\0002\000.\0002\000\040\000g\000e\000t\000W\000o\000r\000d\000\050\000\051}{subsection.3.5.2}% 50
\BOOKMARK [3][-]{subsubsection.3.5.2.3}{\376\377\0003\000.\0005\000.\0002\000.\0003\000\040\000i\000n\000c\000r\000e\000m\000e\000n\000t\000W\000o\000r\000d\000\050\000\051}{subsection.3.5.2}% 51
\BOOKMARK [3][-]{subsubsection.3.5.2.4}{\376\377\0003\000.\0005\000.\0002\000.\0004\000\040\000s\000e\000t\000W\000o\000r\000d\000\050\000\051}{subsection.3.5.2}% 52
\BOOKMARK [1][-]{section.3.6}{\376\377\0003\000.\0006\000\040\000W\000o\000r\000d\000C\000o\000u\000n\000t\000s\000\040\000C\000l\000a\000s\000s\000\040\000R\000e\000f\000e\000r\000e\000n\000c\000e}{chapter.3}% 53
\BOOKMARK [2][-]{subsection.3.6.1}{\376\377\0003\000.\0006\000.\0001\000\040\000C\000o\000n\000s\000t\000r\000u\000c\000t\000o\000r\000\040\000\046\000\040\000D\000e\000s\000t\000r\000u\000c\000t\000o\000r\000\040\000D\000o\000c\000u\000m\000e\000n\000t\000a\000t\000i\000o\000n}{section.3.6}% 54
\BOOKMARK [3][-]{subsubsection.3.6.1.1}{\376\377\0003\000.\0006\000.\0001\000.\0001\000\040\000W\000o\000r\000d\000C\000o\000u\000n\000t\000s\000\050\000\051}{subsection.3.6.1}% 55
\BOOKMARK [2][-]{subsection.3.6.2}{\376\377\0003\000.\0006\000.\0002\000\040\000M\000e\000m\000b\000e\000r\000\040\000F\000u\000n\000c\000t\000i\000o\000n\000\040\000D\000o\000c\000u\000m\000e\000n\000t\000a\000t\000i\000o\000n}{section.3.6}% 56
\BOOKMARK [3][-]{subsubsection.3.6.2.1}{\376\377\0003\000.\0006\000.\0002\000.\0001\000\040\000a\000d\000d\000\050\000\051}{subsection.3.6.2}% 57
\BOOKMARK [3][-]{subsubsection.3.6.2.2}{\376\377\0003\000.\0006\000.\0002\000.\0002\000\040\000c\000a\000p\000i\000t\000a\000l\000F\000i\000x\000\050\000\051}{subsection.3.6.2}% 58
\BOOKMARK [3][-]{subsubsection.3.6.2.3}{\376\377\0003\000.\0006\000.\0002\000.\0003\000\040\000c\000h\000e\000c\000k\000C\000a\000p\000s\000\050\000\051}{subsection.3.6.2}% 59
\BOOKMARK [3][-]{subsubsection.3.6.2.4}{\376\377\0003\000.\0006\000.\0002\000.\0004\000\040\000C\000L\000i\000n\000d\000e\000x\000\050\000\051}{subsection.3.6.2}% 60
\BOOKMARK [3][-]{subsubsection.3.6.2.5}{\376\377\0003\000.\0006\000.\0002\000.\0005\000\040\000c\000o\000u\000n\000t\000W\000o\000r\000d\000s\000\050\000\051}{subsection.3.6.2}% 61
\BOOKMARK [3][-]{subsubsection.3.6.2.6}{\376\377\0003\000.\0006\000.\0002\000.\0006\000\040\000g\000e\000t\000F\000i\000r\000s\000t\000L\000e\000g\000a\000l\000A\000l\000p\000h\000I\000n\000d\000e\000x\000\050\000\051}{subsection.3.6.2}% 62
\BOOKMARK [3][-]{subsubsection.3.6.2.7}{\376\377\0003\000.\0006\000.\0002\000.\0007\000\040\000g\000e\000t\000F\000i\000r\000s\000t\000L\000e\000g\000a\000l\000P\000u\000n\000c\000I\000n\000d\000e\000x\000\050\000\051}{subsection.3.6.2}% 63
\BOOKMARK [3][-]{subsubsection.3.6.2.8}{\376\377\0003\000.\0006\000.\0002\000.\0008\000\040\000i\000m\000p\000l\000i\000c\000i\000t\000S\000e\000n\000t\000e\000n\000c\000e\000\050\000\051}{subsection.3.6.2}% 64
\BOOKMARK [3][-]{subsubsection.3.6.2.9}{\376\377\0003\000.\0006\000.\0002\000.\0009\000\040\000i\000s\000A\000l\000p\000h\000a\000C\000h\000a\000r\000\050\000\051}{subsection.3.6.2}% 65
\BOOKMARK [3][-]{subsubsection.3.6.2.10}{\376\377\0003\000.\0006\000.\0002\000.\0001\0000\000\040\000i\000s\000A\000l\000p\000h\000a\000n\000u\000m\000\050\000\051}{subsection.3.6.2}% 66
\BOOKMARK [3][-]{subsubsection.3.6.2.11}{\376\377\0003\000.\0006\000.\0002\000.\0001\0001\000\040\000L\000\050\000\051}{subsection.3.6.2}% 67
\BOOKMARK [3][-]{subsubsection.3.6.2.12}{\376\377\0003\000.\0006\000.\0002\000.\0001\0002\000\040\000p\000r\000i\000n\000t\000L\000i\000s\000t\000\050\000\051}{subsection.3.6.2}% 68
\BOOKMARK [3][-]{subsubsection.3.6.2.13}{\376\377\0003\000.\0006\000.\0002\000.\0001\0003\000\040\000p\000r\000o\000p\000C\000a\000p\000\050\000\051}{subsection.3.6.2}% 69
\BOOKMARK [3][-]{subsubsection.3.6.2.14}{\376\377\0003\000.\0006\000.\0002\000.\0001\0004\000\040\000p\000u\000n\000c\000O\000n\000l\000y\000E\000O\000S\000\050\000\051}{subsection.3.6.2}% 70
\BOOKMARK [3][-]{subsubsection.3.6.2.15}{\376\377\0003\000.\0006\000.\0002\000.\0001\0005\000\040\000r\000e\000m\000o\000v\000e\000C\000a\000p\000A\000m\000b\000\050\000\051}{subsection.3.6.2}% 71
\BOOKMARK [3][-]{subsubsection.3.6.2.16}{\376\377\0003\000.\0006\000.\0002\000.\0001\0006\000\040\000S\000\050\000\051}{subsection.3.6.2}% 72
\BOOKMARK [3][-]{subsubsection.3.6.2.17}{\376\377\0003\000.\0006\000.\0002\000.\0001\0007\000\040\000s\000c\000a\000n\000F\000i\000l\000e\000I\000n\000\050\000\051}{subsection.3.6.2}% 73
\BOOKMARK [3][-]{subsubsection.3.6.2.18}{\376\377\0003\000.\0006\000.\0002\000.\0001\0008\000\040\000s\000o\000r\000t\000L\000i\000s\000t\000\050\000\051}{subsection.3.6.2}% 74
\BOOKMARK [3][-]{subsubsection.3.6.2.19}{\376\377\0003\000.\0006\000.\0002\000.\0001\0009\000\040\000s\000p\000l\000i\000t\000\050\000\051}{subsection.3.6.2}% 75
\BOOKMARK [3][-]{subsubsection.3.6.2.20}{\376\377\0003\000.\0006\000.\0002\000.\0002\0000\000\040\000s\000p\000l\000i\000t\000A\000d\000d\000\050\000\051}{subsection.3.6.2}% 76
\BOOKMARK [3][-]{subsubsection.3.6.2.21}{\376\377\0003\000.\0006\000.\0002\000.\0002\0001\000\040\000s\000t\000r\000i\000n\000g\000L\000e\000n\000g\000t\000h\000\050\000\051}{subsection.3.6.2}% 77
\BOOKMARK [3][-]{subsubsection.3.6.2.22}{\376\377\0003\000.\0006\000.\0002\000.\0002\0002\000\040\000u\000p\000d\000a\000t\000e\000L\000e\000v\000e\000l\000I\000n\000f\000o\000\050\000\051}{subsection.3.6.2}% 78
\BOOKMARK [2][-]{subsection.3.6.3}{\376\377\0003\000.\0006\000.\0003\000\040\000M\000e\000m\000b\000e\000r\000\040\000D\000a\000t\000a\000\040\000D\000o\000c\000u\000m\000e\000n\000t\000a\000t\000i\000o\000n}{section.3.6}% 79
\BOOKMARK [3][-]{subsubsection.3.6.3.1}{\376\377\0003\000.\0006\000.\0003\000.\0001\000\040\000a\000d\000d\000T\000m\000p}{subsection.3.6.3}% 80
\BOOKMARK [3][-]{subsubsection.3.6.3.2}{\376\377\0003\000.\0006\000.\0003\000.\0002\000\040\000c\000a\000p\000C\000h\000e\000c\000k\000s}{subsection.3.6.3}% 81
\BOOKMARK [3][-]{subsubsection.3.6.3.3}{\376\377\0003\000.\0006\000.\0003\000.\0003\000\040\000c\000a\000p\000T\000m\000p}{subsection.3.6.3}% 82
\BOOKMARK [3][-]{subsubsection.3.6.3.4}{\376\377\0003\000.\0006\000.\0003\000.\0004\000\040\000e\000x\000c\000e\000p\000t\000i\000o\000n\000T\000a\000b\000l\000e}{subsection.3.6.3}% 83
\BOOKMARK [3][-]{subsubsection.3.6.3.5}{\376\377\0003\000.\0006\000.\0003\000.\0005\000\040\000l\000e\000t\000t\000e\000r\000C\000o\000u\000n\000t\000e\000r}{subsection.3.6.3}% 84
\BOOKMARK [3][-]{subsubsection.3.6.3.6}{\376\377\0003\000.\0006\000.\0003\000.\0006\000\040\000r\000e\000g\000B\000o\000x}{subsection.3.6.3}% 85
\BOOKMARK [3][-]{subsubsection.3.6.3.7}{\376\377\0003\000.\0006\000.\0003\000.\0007\000\040\000s\000e\000n\000t\000e\000n\000c\000e\000C\000o\000u\000n\000t\000e\000r}{subsection.3.6.3}% 86
\BOOKMARK [3][-]{subsubsection.3.6.3.8}{\376\377\0003\000.\0006\000.\0003\000.\0008\000\040\000s\000t\000e\000m\000B\000o\000x}{subsection.3.6.3}% 87
\BOOKMARK [3][-]{subsubsection.3.6.3.9}{\376\377\0003\000.\0006\000.\0003\000.\0009\000\040\000s\000t\000r\000i\000n\000g\000L\000i\000s\000t}{subsection.3.6.3}% 88
\BOOKMARK [3][-]{subsubsection.3.6.3.10}{\376\377\0003\000.\0006\000.\0003\000.\0001\0000\000\040\000t\000m\000p}{subsection.3.6.3}% 89
\BOOKMARK [3][-]{subsubsection.3.6.3.11}{\376\377\0003\000.\0006\000.\0003\000.\0001\0001\000\040\000w\000o\000r\000d\000C\000o\000u\000n\000t}{subsection.3.6.3}% 90
\BOOKMARK [3][-]{subsubsection.3.6.3.12}{\376\377\0003\000.\0006\000.\0003\000.\0001\0002\000\040\000w\000o\000r\000d\000C\000o\000u\000n\000t\000e\000r}{subsection.3.6.3}% 91
\BOOKMARK [3][-]{subsubsection.3.6.3.13}{\376\377\0003\000.\0006\000.\0003\000.\0001\0003\000\040\000w\000o\000r\000d\000L\000i\000s\000t}{subsection.3.6.3}% 92
\BOOKMARK [0][-]{chapter.4}{\376\377\0004\000\040\000F\000i\000l\000e\000\040\000D\000o\000c\000u\000m\000e\000n\000t\000a\000t\000i\000o\000n}{}% 93
\BOOKMARK [1][-]{section.4.1}{\376\377\0004\000.\0001\000\040\000C\000o\000l\000l\000e\000c\000t\000i\000o\000n\000.\000c\000p\000p\000\040\000F\000i\000l\000e\000\040\000R\000e\000f\000e\000r\000e\000n\000c\000e}{chapter.4}% 94
\BOOKMARK [1][-]{section.4.2}{\376\377\0004\000.\0002\000\040\000C\000o\000l\000l\000e\000c\000t\000i\000o\000n\000.\000h\000\040\000F\000i\000l\000e\000\040\000R\000e\000f\000e\000r\000e\000n\000c\000e}{chapter.4}% 95
\BOOKMARK [1][-]{section.4.3}{\376\377\0004\000.\0003\000\040\000m\000a\000i\000n\000.\000c\000p\000p\000\040\000F\000i\000l\000e\000\040\000R\000e\000f\000e\000r\000e\000n\000c\000e}{chapter.4}% 96
\BOOKMARK [2][-]{subsection.4.3.1}{\376\377\0004\000.\0003\000.\0001\000\040\000F\000u\000n\000c\000t\000i\000o\000n\000\040\000D\000o\000c\000u\000m\000e\000n\000t\000a\000t\000i\000o\000n}{section.4.3}% 97
\BOOKMARK [3][-]{subsubsection.4.3.1.1}{\376\377\0004\000.\0003\000.\0001\000.\0001\000\040\000e\000x\000c\000e\000p\000t\000i\000o\000n\000F\000a\000i\000l\000\050\000\051}{subsection.4.3.1}% 98
\BOOKMARK [3][-]{subsubsection.4.3.1.2}{\376\377\0004\000.\0003\000.\0001\000.\0002\000\040\000f\000i\000l\000e\000F\000a\000i\000l\000\050\000\051}{subsection.4.3.1}% 99
\BOOKMARK [3][-]{subsubsection.4.3.1.3}{\376\377\0004\000.\0003\000.\0001\000.\0003\000\040\000m\000a\000i\000n\000\050\000\051}{subsection.4.3.1}% 100
\BOOKMARK [3][-]{subsubsection.4.3.1.4}{\376\377\0004\000.\0003\000.\0001\000.\0004\000\040\000r\000u\000n\000C\000o\000l\000l\000e\000c\000t\000i\000o\000n\000\050\000\051}{subsection.4.3.1}% 101
\BOOKMARK [3][-]{subsubsection.4.3.1.5}{\376\377\0004\000.\0003\000.\0001\000.\0005\000\040\000r\000u\000n\000R\000e\000a\000d\000S\000c\000o\000r\000e\000\050\000\051}{subsection.4.3.1}% 102
\BOOKMARK [3][-]{subsubsection.4.3.1.6}{\376\377\0004\000.\0003\000.\0001\000.\0006\000\040\000U\000s\000a\000g\000e\000\050\000\051}{subsection.4.3.1}% 103
\BOOKMARK [1][-]{section.4.4}{\376\377\0004\000.\0004\000\040\000P\000a\000r\000s\000e\000B\000o\000x\000.\000c\000p\000p\000\040\000F\000i\000l\000e\000\040\000R\000e\000f\000e\000r\000e\000n\000c\000e}{chapter.4}% 104
\BOOKMARK [1][-]{section.4.5}{\376\377\0004\000.\0005\000\040\000P\000a\000r\000s\000e\000B\000o\000x\000.\000h\000\040\000F\000i\000l\000e\000\040\000R\000e\000f\000e\000r\000e\000n\000c\000e}{chapter.4}% 105
\BOOKMARK [1][-]{section.4.6}{\376\377\0004\000.\0006\000\040\000R\000e\000p\000l\000a\000c\000e\000.\000c\000p\000p\000\040\000F\000i\000l\000e\000\040\000R\000e\000f\000e\000r\000e\000n\000c\000e}{chapter.4}% 106
\BOOKMARK [1][-]{section.4.7}{\376\377\0004\000.\0007\000\040\000R\000e\000p\000l\000a\000c\000e\000.\000h\000\040\000F\000i\000l\000e\000\040\000R\000e\000f\000e\000r\000e\000n\000c\000e}{chapter.4}% 107
\BOOKMARK [1][-]{section.4.8}{\376\377\0004\000.\0008\000\040\000S\000t\000e\000m\000m\000e\000r\000.\000c\000p\000p\000\040\000F\000i\000l\000e\000\040\000R\000e\000f\000e\000r\000e\000n\000c\000e}{chapter.4}% 108
\BOOKMARK [1][-]{section.4.9}{\376\377\0004\000.\0009\000\040\000S\000t\000e\000m\000m\000e\000r\000.\000h\000\040\000F\000i\000l\000e\000\040\000R\000e\000f\000e\000r\000e\000n\000c\000e}{chapter.4}% 109
\BOOKMARK [1][-]{section.4.10}{\376\377\0004\000.\0001\0000\000\040\000W\000o\000r\000d\000.\000c\000p\000p\000\040\000F\000i\000l\000e\000\040\000R\000e\000f\000e\000r\000e\000n\000c\000e}{chapter.4}% 110
\BOOKMARK [1][-]{section.4.11}{\376\377\0004\000.\0001\0001\000\040\000W\000o\000r\000d\000.\000h\000\040\000F\000i\000l\000e\000\040\000R\000e\000f\000e\000r\000e\000n\000c\000e}{chapter.4}% 111
\BOOKMARK [1][-]{section.4.12}{\376\377\0004\000.\0001\0002\000\040\000W\000o\000r\000d\000C\000o\000u\000n\000t\000s\000.\000c\000p\000p\000\040\000F\000i\000l\000e\000\040\000R\000e\000f\000e\000r\000e\000n\000c\000e}{chapter.4}% 112
\BOOKMARK [1][-]{section.4.13}{\376\377\0004\000.\0001\0003\000\040\000W\000o\000r\000d\000C\000o\000u\000n\000t\000s\000.\000h\000\040\000F\000i\000l\000e\000\040\000R\000e\000f\000e\000r\000e\000n\000c\000e}{chapter.4}% 113
\BOOKMARK [0][-]{section*.18}{\376\377\000I\000n\000d\000e\000x}{}% 114
